<?xml version="1.0" encoding="UTF-8"?>
<coverage generated="1733078274965" clover="3.2.0">
  <project timestamp="1733078274965" name="All files">
    <metrics statements="50" coveredstatements="41" conditionals="53" coveredconditionals="44" methods="14" coveredmethods="11" elements="117" coveredelements="96" complexity="0" loc="50" ncloc="50" packages="2" files="5" classes="5"/>
    <package name="components">
      <metrics statements="31" coveredstatements="27" conditionals="49" coveredconditionals="40" methods="10" coveredmethods="8"/>
      <file name="Header.jsx" path="D:\Kevin\Lumoshive Bootcamp\React-Advance\Mini Proyek 7\mini-project-7\src\components\Header.jsx">
        <metrics statements="2" coveredstatements="2" conditionals="0" coveredconditionals="0" methods="1" coveredmethods="1"/>
        <line num="3" count="1" type="stmt"/>
        <line num="4" count="4" type="stmt"/>
      </file>
      <file name="Newsletter.jsx" path="D:\Kevin\Lumoshive Bootcamp\React-Advance\Mini Proyek 7\mini-project-7\src\components\Newsletter.jsx">
        <metrics statements="10" coveredstatements="6" conditionals="8" coveredconditionals="4" methods="4" coveredmethods="2"/>
        <line num="5" count="1" type="stmt"/>
        <line num="6" count="4" type="stmt"/>
        <line num="7" count="4" type="stmt"/>
        <line num="8" count="8" type="stmt"/>
        <line num="10" count="4" type="stmt"/>
        <line num="11" count="0" type="stmt"/>
        <line num="12" count="0" type="cond" truecount="0" falsecount="2"/>
        <line num="13" count="0" type="stmt"/>
        <line num="17" count="4" type="stmt"/>
        <line num="36" count="0" type="stmt"/>
      </file>
      <file name="Posts.jsx" path="D:\Kevin\Lumoshive Bootcamp\React-Advance\Mini Proyek 7\mini-project-7\src\components\Posts.jsx">
        <metrics statements="13" coveredstatements="13" conditionals="10" coveredconditionals="7" methods="4" coveredmethods="4"/>
        <line num="4" count="2" type="stmt"/>
        <line num="5" count="20" type="stmt"/>
        <line num="6" count="20" type="stmt"/>
        <line num="9" count="20" type="stmt"/>
        <line num="12" count="20" type="stmt"/>
        <line num="13" count="20" type="stmt"/>
        <line num="14" count="20" type="stmt"/>
        <line num="17" count="20" type="stmt"/>
        <line num="18" count="1" type="cond" truecount="1" falsecount="1"/>
        <line num="21" count="20" type="stmt"/>
        <line num="22" count="5" type="cond" truecount="1" falsecount="1"/>
        <line num="25" count="20" type="stmt"/>
        <line num="30" count="70" type="stmt"/>
      </file>
      <file name="RecentPosts.jsx" path="D:\Kevin\Lumoshive Bootcamp\React-Advance\Mini Proyek 7\mini-project-7\src\components\RecentPosts.jsx">
        <metrics statements="6" coveredstatements="6" conditionals="31" coveredconditionals="29" methods="1" coveredmethods="1"/>
        <line num="5" count="2" type="cond" truecount="1" falsecount="0"/>
        <line num="6" count="16" type="cond" truecount="2" falsecount="0"/>
        <line num="7" count="1" type="stmt"/>
        <line num="8" count="1" type="stmt"/>
        <line num="11" count="15" type="stmt"/>
        <line num="13" count="15" type="stmt"/>
      </file>
    </package>
    <package name="pages">
      <metrics statements="19" coveredstatements="14" conditionals="4" coveredconditionals="4" methods="4" coveredmethods="3"/>
      <file name="Blog.jsx" path="D:\Kevin\Lumoshive Bootcamp\React-Advance\Mini Proyek 7\mini-project-7\src\pages\Blog.jsx">
        <metrics statements="19" coveredstatements="14" conditionals="4" coveredconditionals="4" methods="4" coveredmethods="3"/>
        <line num="13" count="1" type="stmt"/>
        <line num="14" count="7" type="stmt"/>
        <line num="16" count="6" type="stmt"/>
        <line num="17" count="12" type="stmt"/>
        <line num="19" count="6" type="stmt"/>
        <line num="21" count="6" type="stmt"/>
        <line num="22" count="2" type="stmt"/>
        <line num="23" count="2" type="stmt"/>
        <line num="24" count="0" type="stmt"/>
        <line num="25" count="0" type="stmt"/>
        <line num="28" count="6" type="stmt"/>
        <line num="29" count="0" type="stmt"/>
        <line num="30" count="0" type="stmt"/>
        <line num="32" count="0" type="stmt"/>
        <line num="35" count="6" type="cond" truecount="2" falsecount="0"/>
        <line num="36" count="1" type="stmt"/>
        <line num="39" count="5" type="cond" truecount="2" falsecount="0"/>
        <line num="40" count="1" type="stmt"/>
        <line num="43" count="4" type="stmt"/>
      </file>
    </package>
  </project>
</coverage>
