{"D:\\Kevin\\Lumoshive Bootcamp\\React-Advance\\Mini Proyek 7\\mini-project-7\\src\\components\\Header.jsx": {"path":"D:\\Kevin\\Lumoshive Bootcamp\\React-Advance\\Mini Proyek 7\\mini-project-7\\src\\components\\Header.jsx","statementMap":{"0":{"start":{"line":3,"column":15},"end":{"line":14,"column":1}},"1":{"start":{"line":4,"column":2},"end":{"line":13,"column":4}}},"fnMap":{"0":{"name":"(anonymous_0)","decl":{"start":{"line":3,"column":15},"end":{"line":3,"column":16}},"loc":{"start":{"line":3,"column":21},"end":{"line":14,"column":1}},"line":3}},"branchMap":{},"s":{"0":1,"1":4},"f":{"0":4},"b":{},"_coverageSchema":"1a1c01bbd47fc00a2c39e90264f33305004495a9","hash":"6897a96b1e54109d52d409ade64056c23802ac58"}
,"D:\\Kevin\\Lumoshive Bootcamp\\React-Advance\\Mini Proyek 7\\mini-project-7\\src\\components\\Newsletter.jsx": {"path":"D:\\Kevin\\Lumoshive Bootcamp\\React-Advance\\Mini Proyek 7\\mini-project-7\\src\\components\\Newsletter.jsx","statementMap":{"0":{"start":{"line":5,"column":19},"end":{"line":61,"column":1}},"1":{"start":{"line":6,"column":28},"end":{"line":6,"column":40}},"2":{"start":{"line":7,"column":19},"end":{"line":7,"column":32}},"3":{"start":{"line":8,"column":37},"end":{"line":8,"column":72}},"4":{"start":{"line":8,"column":60},"end":{"line":8,"column":71}},"5":{"start":{"line":10,"column":23},"end":{"line":15,"column":3}},"6":{"start":{"line":11,"column":4},"end":{"line":11,"column":23}},"7":{"start":{"line":12,"column":4},"end":{"line":14,"column":5}},"8":{"start":{"line":13,"column":6},"end":{"line":13,"column":37}},"9":{"start":{"line":17,"column":2},"end":{"line":60,"column":4}},"10":{"start":{"line":36,"column":27},"end":{"line":36,"column":51}}},"fnMap":{"0":{"name":"(anonymous_0)","decl":{"start":{"line":5,"column":19},"end":{"line":5,"column":20}},"loc":{"start":{"line":5,"column":25},"end":{"line":61,"column":1}},"line":5},"1":{"name":"(anonymous_1)","decl":{"start":{"line":8,"column":49},"end":{"line":8,"column":50}},"loc":{"start":{"line":8,"column":60},"end":{"line":8,"column":71}},"line":8},"2":{"name":"(anonymous_2)","decl":{"start":{"line":10,"column":23},"end":{"line":10,"column":24}},"loc":{"start":{"line":10,"column":30},"end":{"line":15,"column":3}},"line":10},"3":{"name":"(anonymous_3)","decl":{"start":{"line":36,"column":20},"end":{"line":36,"column":21}},"loc":{"start":{"line":36,"column":27},"end":{"line":36,"column":51}},"line":36}},"branchMap":{"0":{"loc":{"start":{"line":12,"column":4},"end":{"line":14,"column":5}},"type":"if","locations":[{"start":{"line":12,"column":4},"end":{"line":14,"column":5}},{"start":{},"end":{}}],"line":12},"1":{"loc":{"start":{"line":43,"column":11},"end":{"line":43,"column":64}},"type":"cond-expr","locations":[{"start":{"line":43,"column":34},"end":{"line":43,"column":50}},{"start":{"line":43,"column":53},"end":{"line":43,"column":64}}],"line":43},"2":{"loc":{"start":{"line":47,"column":7},"end":{"line":49,"column":7}},"type":"binary-expr","locations":[{"start":{"line":47,"column":7},"end":{"line":47,"column":29}},{"start":{"line":48,"column":8},"end":{"line":48,"column":56}}],"line":47},"3":{"loc":{"start":{"line":50,"column":7},"end":{"line":50,"column":74}},"type":"binary-expr","locations":[{"start":{"line":50,"column":7},"end":{"line":50,"column":26}},{"start":{"line":50,"column":30},"end":{"line":50,"column":74}}],"line":50}},"s":{"0":1,"1":4,"2":4,"3":4,"4":8,"5":4,"6":0,"7":0,"8":0,"9":4,"10":0},"f":{"0":4,"1":8,"2":0,"3":0},"b":{"0":[0,0],"1":[0,4],"2":[4,4],"3":[4,0]},"_coverageSchema":"1a1c01bbd47fc00a2c39e90264f33305004495a9","hash":"c02708ad79403754db6e4071a6e1e5b0ff2876a7"}
,"D:\\Kevin\\Lumoshive Bootcamp\\React-Advance\\Mini Proyek 7\\mini-project-7\\src\\components\\Posts.jsx": {"path":"D:\\Kevin\\Lumoshive Bootcamp\\React-Advance\\Mini Proyek 7\\mini-project-7\\src\\components\\Posts.jsx","statementMap":{"0":{"start":{"line":4,"column":14},"end":{"line":86,"column":1}},"1":{"start":{"line":5,"column":23},"end":{"line":5,"column":24}},"2":{"start":{"line":6,"column":40},"end":{"line":6,"column":51}},"3":{"start":{"line":9,"column":21},"end":{"line":9,"column":59}},"4":{"start":{"line":12,"column":26},"end":{"line":12,"column":52}},"5":{"start":{"line":13,"column":27},"end":{"line":13,"column":57}},"6":{"start":{"line":14,"column":23},"end":{"line":14,"column":69}},"7":{"start":{"line":17,"column":21},"end":{"line":19,"column":3}},"8":{"start":{"line":18,"column":4},"end":{"line":18,"column":57}},"9":{"start":{"line":18,"column":25},"end":{"line":18,"column":57}},"10":{"start":{"line":21,"column":21},"end":{"line":23,"column":3}},"11":{"start":{"line":22,"column":4},"end":{"line":22,"column":66}},"12":{"start":{"line":22,"column":34},"end":{"line":22,"column":66}},"13":{"start":{"line":25,"column":2},"end":{"line":85,"column":4}},"14":{"start":{"line":30,"column":10},"end":{"line":52,"column":17}}},"fnMap":{"0":{"name":"(anonymous_0)","decl":{"start":{"line":4,"column":14},"end":{"line":4,"column":15}},"loc":{"start":{"line":4,"column":29},"end":{"line":86,"column":1}},"line":4},"1":{"name":"(anonymous_1)","decl":{"start":{"line":17,"column":21},"end":{"line":17,"column":22}},"loc":{"start":{"line":17,"column":27},"end":{"line":19,"column":3}},"line":17},"2":{"name":"(anonymous_2)","decl":{"start":{"line":21,"column":21},"end":{"line":21,"column":22}},"loc":{"start":{"line":21,"column":27},"end":{"line":23,"column":3}},"line":21},"3":{"name":"(anonymous_3)","decl":{"start":{"line":29,"column":26},"end":{"line":29,"column":27}},"loc":{"start":{"line":30,"column":10},"end":{"line":52,"column":17}},"line":30}},"branchMap":{"0":{"loc":{"start":{"line":18,"column":4},"end":{"line":18,"column":57}},"type":"if","locations":[{"start":{"line":18,"column":4},"end":{"line":18,"column":57}},{"start":{},"end":{}}],"line":18},"1":{"loc":{"start":{"line":22,"column":4},"end":{"line":22,"column":66}},"type":"if","locations":[{"start":{"line":22,"column":4},"end":{"line":22,"column":66}},{"start":{},"end":{}}],"line":22},"2":{"loc":{"start":{"line":47,"column":17},"end":{"line":49,"column":29}},"type":"cond-expr","locations":[{"start":{"line":48,"column":20},"end":{"line":48,"column":55}},{"start":{"line":49,"column":20},"end":{"line":49,"column":29}}],"line":47},"3":{"loc":{"start":{"line":62,"column":12},"end":{"line":64,"column":37}},"type":"cond-expr","locations":[{"start":{"line":63,"column":16},"end":{"line":63,"column":50}},{"start":{"line":64,"column":16},"end":{"line":64,"column":37}}],"line":62},"4":{"loc":{"start":{"line":75,"column":12},"end":{"line":77,"column":37}},"type":"cond-expr","locations":[{"start":{"line":76,"column":16},"end":{"line":76,"column":50}},{"start":{"line":77,"column":16},"end":{"line":77,"column":37}}],"line":75}},"s":{"0":2,"1":20,"2":20,"3":20,"4":20,"5":20,"6":20,"7":20,"8":1,"9":1,"10":20,"11":5,"12":5,"13":20,"14":70},"f":{"0":20,"1":1,"2":5,"3":70},"b":{"0":[1,0],"1":[5,0],"2":[0,62],"3":[7,5],"4":[5,7]},"_coverageSchema":"1a1c01bbd47fc00a2c39e90264f33305004495a9","hash":"5ba7717981295166fe6c93e21c2ddc3e679606b0"}
,"D:\\Kevin\\Lumoshive Bootcamp\\React-Advance\\Mini Proyek 7\\mini-project-7\\src\\components\\RecentPosts.jsx": {"path":"D:\\Kevin\\Lumoshive Bootcamp\\React-Advance\\Mini Proyek 7\\mini-project-7\\src\\components\\RecentPosts.jsx","statementMap":{"0":{"start":{"line":5,"column":20},"end":{"line":179,"column":1}},"1":{"start":{"line":6,"column":2},"end":{"line":9,"column":3}},"2":{"start":{"line":7,"column":4},"end":{"line":7,"column":74}},"3":{"start":{"line":8,"column":4},"end":{"line":8,"column":16}},"4":{"start":{"line":11,"column":2},"end":{"line":11,"column":44}},"5":{"start":{"line":13,"column":2},"end":{"line":178,"column":4}}},"fnMap":{"0":{"name":"(anonymous_0)","decl":{"start":{"line":5,"column":20},"end":{"line":5,"column":21}},"loc":{"start":{"line":5,"column":61},"end":{"line":179,"column":1}},"line":5}},"branchMap":{"0":{"loc":{"start":{"line":5,"column":30},"end":{"line":5,"column":54}},"type":"default-arg","locations":[{"start":{"line":5,"column":49},"end":{"line":5,"column":54}}],"line":5},"1":{"loc":{"start":{"line":6,"column":2},"end":{"line":9,"column":3}},"type":"if","locations":[{"start":{"line":6,"column":2},"end":{"line":9,"column":3}},{"start":{},"end":{}}],"line":6},"2":{"loc":{"start":{"line":42,"column":14},"end":{"line":48,"column":51}},"type":"cond-expr","locations":[{"start":{"line":43,"column":18},"end":{"line":47,"column":9}},{"start":{"line":48,"column":18},"end":{"line":48,"column":51}}],"line":42},"3":{"loc":{"start":{"line":42,"column":14},"end":{"line":42,"column":60}},"type":"binary-expr","locations":[{"start":{"line":42,"column":14},"end":{"line":42,"column":39}},{"start":{"line":42,"column":43},"end":{"line":42,"column":60}}],"line":42},"4":{"loc":{"start":{"line":50,"column":14},"end":{"line":52,"column":23}},"type":"cond-expr","locations":[{"start":{"line":51,"column":18},"end":{"line":51,"column":27}},{"start":{"line":52,"column":18},"end":{"line":52,"column":23}}],"line":50},"5":{"loc":{"start":{"line":50,"column":14},"end":{"line":50,"column":60}},"type":"binary-expr","locations":[{"start":{"line":50,"column":14},"end":{"line":50,"column":39}},{"start":{"line":50,"column":43},"end":{"line":50,"column":60}}],"line":50},"6":{"loc":{"start":{"line":74,"column":17},"end":{"line":76,"column":33}},"type":"cond-expr","locations":[{"start":{"line":75,"column":20},"end":{"line":75,"column":58}},{"start":{"line":76,"column":20},"end":{"line":76,"column":33}}],"line":74},"7":{"loc":{"start":{"line":86,"column":14},"end":{"line":86,"column":52}},"type":"cond-expr","locations":[{"start":{"line":86,"column":33},"end":{"line":86,"column":43}},{"start":{"line":86,"column":46},"end":{"line":86,"column":52}}],"line":86},"8":{"loc":{"start":{"line":94,"column":16},"end":{"line":94,"column":53}},"type":"cond-expr","locations":[{"start":{"line":94,"column":35},"end":{"line":94,"column":43}},{"start":{"line":94,"column":46},"end":{"line":94,"column":53}}],"line":94},"9":{"loc":{"start":{"line":99,"column":16},"end":{"line":99,"column":53}},"type":"cond-expr","locations":[{"start":{"line":99,"column":35},"end":{"line":99,"column":43}},{"start":{"line":99,"column":46},"end":{"line":99,"column":53}}],"line":99},"10":{"loc":{"start":{"line":108,"column":17},"end":{"line":110,"column":33}},"type":"cond-expr","locations":[{"start":{"line":109,"column":20},"end":{"line":109,"column":58}},{"start":{"line":110,"column":20},"end":{"line":110,"column":33}}],"line":108},"11":{"loc":{"start":{"line":120,"column":14},"end":{"line":120,"column":52}},"type":"cond-expr","locations":[{"start":{"line":120,"column":33},"end":{"line":120,"column":43}},{"start":{"line":120,"column":46},"end":{"line":120,"column":52}}],"line":120},"12":{"loc":{"start":{"line":128,"column":16},"end":{"line":128,"column":53}},"type":"cond-expr","locations":[{"start":{"line":128,"column":35},"end":{"line":128,"column":43}},{"start":{"line":128,"column":46},"end":{"line":128,"column":53}}],"line":128},"13":{"loc":{"start":{"line":133,"column":16},"end":{"line":133,"column":53}},"type":"cond-expr","locations":[{"start":{"line":133,"column":35},"end":{"line":133,"column":43}},{"start":{"line":133,"column":46},"end":{"line":133,"column":53}}],"line":133},"14":{"loc":{"start":{"line":142,"column":17},"end":{"line":144,"column":33}},"type":"cond-expr","locations":[{"start":{"line":143,"column":20},"end":{"line":143,"column":58}},{"start":{"line":144,"column":20},"end":{"line":144,"column":33}}],"line":142},"15":{"loc":{"start":{"line":168,"column":17},"end":{"line":170,"column":33}},"type":"cond-expr","locations":[{"start":{"line":169,"column":20},"end":{"line":169,"column":58}},{"start":{"line":170,"column":20},"end":{"line":170,"column":33}}],"line":168}},"s":{"0":2,"1":16,"2":1,"3":1,"4":15,"5":15},"f":{"0":16},"b":{"0":[11],"1":[1,15],"2":[6,9],"3":[15,10],"4":[6,9],"5":[15,10],"6":[7,8],"7":[5,10],"8":[5,10],"9":[5,10],"10":[0,15],"11":[5,10],"12":[5,10],"13":[5,10],"14":[0,15],"15":[7,8]},"_coverageSchema":"1a1c01bbd47fc00a2c39e90264f33305004495a9","hash":"e31c29c1eeff7b6e64e0509dd7df174716937c12"}
,"D:\\Kevin\\Lumoshive Bootcamp\\React-Advance\\Mini Proyek 7\\mini-project-7\\src\\pages\\Blog.jsx": {"path":"D:\\Kevin\\Lumoshive Bootcamp\\React-Advance\\Mini Proyek 7\\mini-project-7\\src\\pages\\Blog.jsx","statementMap":{"0":{"start":{"line":13,"column":13},"end":{"line":82,"column":1}},"1":{"start":{"line":14,"column":19},"end":{"line":14,"column":32}},"2":{"start":{"line":16,"column":60},"end":{"line":18,"column":3}},"3":{"start":{"line":17,"column":15},"end":{"line":17,"column":26}},"4":{"start":{"line":19,"column":15},"end":{"line":19,"column":54}},"5":{"start":{"line":21,"column":2},"end":{"line":26,"column":23}},"6":{"start":{"line":22,"column":4},"end":{"line":22,"column":37}},"7":{"start":{"line":23,"column":4},"end":{"line":23,"column":33}},"8":{"start":{"line":24,"column":4},"end":{"line":24,"column":27}},"9":{"start":{"line":25,"column":4},"end":{"line":25,"column":36}},"10":{"start":{"line":28,"column":2},"end":{"line":33,"column":39}},"11":{"start":{"line":29,"column":4},"end":{"line":29,"column":46}},"12":{"start":{"line":30,"column":4},"end":{"line":30,"column":33}},"13":{"start":{"line":32,"column":4},"end":{"line":32,"column":44}},"14":{"start":{"line":35,"column":2},"end":{"line":37,"column":3}},"15":{"start":{"line":36,"column":4},"end":{"line":36,"column":63}},"16":{"start":{"line":39,"column":2},"end":{"line":41,"column":3}},"17":{"start":{"line":40,"column":4},"end":{"line":40,"column":80}},"18":{"start":{"line":43,"column":2},"end":{"line":81,"column":4}}},"fnMap":{"0":{"name":"(anonymous_0)","decl":{"start":{"line":13,"column":13},"end":{"line":13,"column":14}},"loc":{"start":{"line":13,"column":19},"end":{"line":82,"column":1}},"line":13},"1":{"name":"(anonymous_1)","decl":{"start":{"line":17,"column":4},"end":{"line":17,"column":5}},"loc":{"start":{"line":17,"column":15},"end":{"line":17,"column":26}},"line":17},"2":{"name":"(anonymous_2)","decl":{"start":{"line":21,"column":12},"end":{"line":21,"column":13}},"loc":{"start":{"line":21,"column":18},"end":{"line":26,"column":3}},"line":21},"3":{"name":"(anonymous_3)","decl":{"start":{"line":28,"column":12},"end":{"line":28,"column":13}},"loc":{"start":{"line":28,"column":18},"end":{"line":33,"column":3}},"line":28}},"branchMap":{"0":{"loc":{"start":{"line":35,"column":2},"end":{"line":37,"column":3}},"type":"if","locations":[{"start":{"line":35,"column":2},"end":{"line":37,"column":3}},{"start":{},"end":{}}],"line":35},"1":{"loc":{"start":{"line":39,"column":2},"end":{"line":41,"column":3}},"type":"if","locations":[{"start":{"line":39,"column":2},"end":{"line":41,"column":3}},{"start":{},"end":{}}],"line":39}},"s":{"0":1,"1":7,"2":6,"3":12,"4":6,"5":6,"6":2,"7":2,"8":0,"9":0,"10":6,"11":0,"12":0,"13":0,"14":6,"15":1,"16":5,"17":1,"18":4},"f":{"0":7,"1":12,"2":2,"3":0},"b":{"0":[1,5],"1":[1,4]},"_coverageSchema":"1a1c01bbd47fc00a2c39e90264f33305004495a9","hash":"5477222917b5e9e129a06401d40ca8897732a090"}
}
