TN:
SF:src\components\Header.jsx
FN:3,(anonymous_0)
FNF:1
FNH:1
FNDA:4,(anonymous_0)
DA:3,1
DA:4,4
LF:2
LH:2
BRF:0
BRH:0
end_of_record
TN:
SF:src\components\Newsletter.jsx
FN:5,(anonymous_0)
FN:8,(anonymous_1)
FN:10,(anonymous_2)
FN:36,(anonymous_3)
FNF:4
FNH:2
FNDA:4,(anonymous_0)
FNDA:8,(anonymous_1)
FNDA:0,(anonymous_2)
FNDA:0,(anonymous_3)
DA:5,1
DA:6,4
DA:7,4
DA:8,8
DA:10,4
DA:11,0
DA:12,0
DA:13,0
DA:17,4
DA:36,0
LF:10
LH:6
BRDA:12,0,0,0
BRDA:12,0,1,0
BRDA:43,1,0,0
BRDA:43,1,1,4
BRDA:47,2,0,4
BRDA:47,2,1,4
BRDA:50,3,0,4
BRDA:50,3,1,0
BRF:8
BRH:4
end_of_record
TN:
SF:src\components\Posts.jsx
FN:4,(anonymous_0)
FN:17,(anonymous_1)
FN:21,(anonymous_2)
FN:29,(anonymous_3)
FNF:4
FNH:4
FNDA:20,(anonymous_0)
FNDA:1,(anonymous_1)
FNDA:5,(anonymous_2)
FNDA:70,(anonymous_3)
DA:4,2
DA:5,20
DA:6,20
DA:9,20
DA:12,20
DA:13,20
DA:14,20
DA:17,20
DA:18,1
DA:21,20
DA:22,5
DA:25,20
DA:30,70
LF:13
LH:13
BRDA:18,0,0,1
BRDA:18,0,1,0
BRDA:22,1,0,5
BRDA:22,1,1,0
BRDA:47,2,0,0
BRDA:47,2,1,62
BRDA:62,3,0,7
BRDA:62,3,1,5
BRDA:75,4,0,5
BRDA:75,4,1,7
BRF:10
BRH:7
end_of_record
TN:
SF:src\components\RecentPosts.jsx
FN:5,(anonymous_0)
FNF:1
FNH:1
FNDA:16,(anonymous_0)
DA:5,2
DA:6,16
DA:7,1
DA:8,1
DA:11,15
DA:13,15
LF:6
LH:6
BRDA:5,0,0,11
BRDA:6,1,0,1
BRDA:6,1,1,15
BRDA:42,2,0,6
BRDA:42,2,1,9
BRDA:42,3,0,15
BRDA:42,3,1,10
BRDA:50,4,0,6
BRDA:50,4,1,9
BRDA:50,5,0,15
BRDA:50,5,1,10
BRDA:74,6,0,7
BRDA:74,6,1,8
BRDA:86,7,0,5
BRDA:86,7,1,10
BRDA:94,8,0,5
BRDA:94,8,1,10
BRDA:99,9,0,5
BRDA:99,9,1,10
BRDA:108,10,0,0
BRDA:108,10,1,15
BRDA:120,11,0,5
BRDA:120,11,1,10
BRDA:128,12,0,5
BRDA:128,12,1,10
BRDA:133,13,0,5
BRDA:133,13,1,10
BRDA:142,14,0,0
BRDA:142,14,1,15
BRDA:168,15,0,7
BRDA:168,15,1,8
BRF:31
BRH:29
end_of_record
TN:
SF:src\pages\Blog.jsx
FN:13,(anonymous_0)
FN:17,(anonymous_1)
FN:21,(anonymous_2)
FN:28,(anonymous_3)
FNF:4
FNH:3
FNDA:7,(anonymous_0)
FNDA:12,(anonymous_1)
FNDA:2,(anonymous_2)
FNDA:0,(anonymous_3)
DA:13,1
DA:14,7
DA:16,6
DA:17,12
DA:19,6
DA:21,6
DA:22,2
DA:23,2
DA:24,0
DA:25,0
DA:28,6
DA:29,0
DA:30,0
DA:32,0
DA:35,6
DA:36,1
DA:39,5
DA:40,1
DA:43,4
LF:19
LH:14
BRDA:35,0,0,1
BRDA:35,0,1,5
BRDA:39,1,0,1
BRDA:39,1,1,4
BRF:4
BRH:4
end_of_record
